C:\USERS\KHALED MORAD\DESKTOP\MYPROJECT\MYPROJECT\DEBUG\3DTEXTURE.OBJ
C:\USERS\KHALED MORAD\DESKTOP\MYPROJECT\MYPROJECT\DEBUG\CAMERA.OBJ
C:\USERS\KHALED MORAD\DESKTOP\MYPROJECT\MYPROJECT\DEBUG\MODEL_3DS.OBJ
C:\USERS\KHALED MORAD\DESKTOP\MYPROJECT\MYPROJECT\DEBUG\SOURCE.OBJ
C:\USERS\KHALED MORAD\DESKTOP\MYPROJECT\MYPROJECT\DEBUG\TEXTURE.OBJ
C:\USERS\KHALED MORAD\DESKTOP\MYPROJECT\MYPROJECT\DEBUG\VC110.PDB
C:\USERS\KHALED MORAD\DESKTOP\MYPROJECT\DEBUG\MYPROJECT.ILK
C:\USERS\KHALED MORAD\DESKTOP\MYPROJECT\DEBUG\MYPROJECT.EXE
C:\USERS\KHALED MORAD\DESKTOP\MYPROJECT\DEBUG\MYPROJECT.PDB
C:\Users\Khaled Morad\Desktop\MyProject\MyProject\Debug\3DTexture.obj
C:\Users\Khaled Morad\Desktop\MyProject\MyProject\Debug\camera.obj
C:\Users\Khaled Morad\Desktop\MyProject\MyProject\Debug\Model_3DS.obj
C:\Users\Khaled Morad\Desktop\MyProject\MyProject\Debug\Source.obj
C:\Users\Khaled Morad\Desktop\MyProject\MyProject\Debug\texture.obj
C:\Users\Khaled Morad\Desktop\MyProject\MyProject\Debug\cl.command.1.tlog
C:\Users\Khaled Morad\Desktop\MyProject\MyProject\Debug\CL.read.1.tlog
C:\Users\Khaled Morad\Desktop\MyProject\MyProject\Debug\CL.write.1.tlog
C:\Users\Khaled Morad\Desktop\MyProject\MyProject\Debug\link-cvtres.read.1.tlog
C:\Users\Khaled Morad\Desktop\MyProject\MyProject\Debug\link-cvtres.write.1.tlog
C:\Users\Khaled Morad\Desktop\MyProject\MyProject\Debug\link-rc.read.1.tlog
C:\Users\Khaled Morad\Desktop\MyProject\MyProject\Debug\link-rc.write.1.tlog
C:\Users\Khaled Morad\Desktop\MyProject\MyProject\Debug\link.11696-cvtres.read.1.tlog
C:\Users\Khaled Morad\Desktop\MyProject\MyProject\Debug\link.11696-cvtres.write.1.tlog
C:\Users\Khaled Morad\Desktop\MyProject\MyProject\Debug\link.11696-rc.read.1.tlog
C:\Users\Khaled Morad\Desktop\MyProject\MyProject\Debug\link.11696-rc.write.1.tlog
C:\Users\Khaled Morad\Desktop\MyProject\MyProject\Debug\link.11696.read.1.tlog
C:\Users\Khaled Morad\Desktop\MyProject\MyProject\Debug\link.11696.write.1.tlog
C:\Users\Khaled Morad\Desktop\MyProject\MyProject\Debug\link.11704-cvtres.read.1.tlog
C:\Users\Khaled Morad\Desktop\MyProject\MyProject\Debug\link.11704-cvtres.write.1.tlog
C:\Users\Khaled Morad\Desktop\MyProject\MyProject\Debug\link.11704-rc.read.1.tlog
C:\Users\Khaled Morad\Desktop\MyProject\MyProject\Debug\link.11704-rc.write.1.tlog
C:\Users\Khaled Morad\Desktop\MyProject\MyProject\Debug\link.11704.read.1.tlog
C:\Users\Khaled Morad\Desktop\MyProject\MyProject\Debug\link.11704.write.1.tlog
C:\Users\Khaled Morad\Desktop\MyProject\MyProject\Debug\link.16980-cvtres.read.1.tlog
C:\Users\Khaled Morad\Desktop\MyProject\MyProject\Debug\link.16980-cvtres.write.1.tlog
C:\Users\Khaled Morad\Desktop\MyProject\MyProject\Debug\link.16980-rc.read.1.tlog
C:\Users\Khaled Morad\Desktop\MyProject\MyProject\Debug\link.16980-rc.write.1.tlog
C:\Users\Khaled Morad\Desktop\MyProject\MyProject\Debug\link.16980.read.1.tlog
C:\Users\Khaled Morad\Desktop\MyProject\MyProject\Debug\link.16980.write.1.tlog
C:\Users\Khaled Morad\Desktop\MyProject\MyProject\Debug\link.18220-cvtres.read.1.tlog
C:\Users\Khaled Morad\Desktop\MyProject\MyProject\Debug\link.18220-cvtres.write.1.tlog
C:\Users\Khaled Morad\Desktop\MyProject\MyProject\Debug\link.18220-rc.read.1.tlog
C:\Users\Khaled Morad\Desktop\MyProject\MyProject\Debug\link.18220-rc.write.1.tlog
C:\Users\Khaled Morad\Desktop\MyProject\MyProject\Debug\link.18220.read.1.tlog
C:\Users\Khaled Morad\Desktop\MyProject\MyProject\Debug\link.18220.write.1.tlog
C:\Users\Khaled Morad\Desktop\MyProject\MyProject\Debug\link.18628-cvtres.read.1.tlog
C:\Users\Khaled Morad\Desktop\MyProject\MyProject\Debug\link.18628-cvtres.write.1.tlog
C:\Users\Khaled Morad\Desktop\MyProject\MyProject\Debug\link.18628-rc.read.1.tlog
C:\Users\Khaled Morad\Desktop\MyProject\MyProject\Debug\link.18628-rc.write.1.tlog
C:\Users\Khaled Morad\Desktop\MyProject\MyProject\Debug\link.18628.read.1.tlog
C:\Users\Khaled Morad\Desktop\MyProject\MyProject\Debug\link.18628.write.1.tlog
C:\Users\Khaled Morad\Desktop\MyProject\MyProject\Debug\link.19056-cvtres.read.1.tlog
C:\Users\Khaled Morad\Desktop\MyProject\MyProject\Debug\link.19056-cvtres.write.1.tlog
C:\Users\Khaled Morad\Desktop\MyProject\MyProject\Debug\link.19056-rc.read.1.tlog
C:\Users\Khaled Morad\Desktop\MyProject\MyProject\Debug\link.19056-rc.write.1.tlog
C:\Users\Khaled Morad\Desktop\MyProject\MyProject\Debug\link.19056.read.1.tlog
C:\Users\Khaled Morad\Desktop\MyProject\MyProject\Debug\link.19056.write.1.tlog
C:\Users\Khaled Morad\Desktop\MyProject\MyProject\Debug\link.19208-cvtres.read.1.tlog
C:\Users\Khaled Morad\Desktop\MyProject\MyProject\Debug\link.19208-cvtres.write.1.tlog
C:\Users\Khaled Morad\Desktop\MyProject\MyProject\Debug\link.19208-rc.read.1.tlog
C:\Users\Khaled Morad\Desktop\MyProject\MyProject\Debug\link.19208-rc.write.1.tlog
C:\Users\Khaled Morad\Desktop\MyProject\MyProject\Debug\link.19208.read.1.tlog
C:\Users\Khaled Morad\Desktop\MyProject\MyProject\Debug\link.19208.write.1.tlog
C:\Users\Khaled Morad\Desktop\MyProject\MyProject\Debug\link.20980-cvtres.read.1.tlog
C:\Users\Khaled Morad\Desktop\MyProject\MyProject\Debug\link.20980-cvtres.write.1.tlog
C:\Users\Khaled Morad\Desktop\MyProject\MyProject\Debug\link.20980-rc.read.1.tlog
C:\Users\Khaled Morad\Desktop\MyProject\MyProject\Debug\link.20980-rc.write.1.tlog
C:\Users\Khaled Morad\Desktop\MyProject\MyProject\Debug\link.20980.read.1.tlog
C:\Users\Khaled Morad\Desktop\MyProject\MyProject\Debug\link.20980.write.1.tlog
C:\Users\Khaled Morad\Desktop\MyProject\MyProject\Debug\link.21892-cvtres.read.1.tlog
C:\Users\Khaled Morad\Desktop\MyProject\MyProject\Debug\link.21892-cvtres.write.1.tlog
C:\Users\Khaled Morad\Desktop\MyProject\MyProject\Debug\link.21892-rc.read.1.tlog
C:\Users\Khaled Morad\Desktop\MyProject\MyProject\Debug\link.21892-rc.write.1.tlog
C:\Users\Khaled Morad\Desktop\MyProject\MyProject\Debug\link.21892.read.1.tlog
C:\Users\Khaled Morad\Desktop\MyProject\MyProject\Debug\link.21892.write.1.tlog
C:\Users\Khaled Morad\Desktop\MyProject\MyProject\Debug\link.22448-cvtres.read.1.tlog
C:\Users\Khaled Morad\Desktop\MyProject\MyProject\Debug\link.22448-cvtres.write.1.tlog
C:\Users\Khaled Morad\Desktop\MyProject\MyProject\Debug\link.22448-rc.read.1.tlog
C:\Users\Khaled Morad\Desktop\MyProject\MyProject\Debug\link.22448-rc.write.1.tlog
C:\Users\Khaled Morad\Desktop\MyProject\MyProject\Debug\link.22448.read.1.tlog
C:\Users\Khaled Morad\Desktop\MyProject\MyProject\Debug\link.22448.write.1.tlog
C:\Users\Khaled Morad\Desktop\MyProject\MyProject\Debug\link.22636-cvtres.read.1.tlog
C:\Users\Khaled Morad\Desktop\MyProject\MyProject\Debug\link.22636-cvtres.write.1.tlog
C:\Users\Khaled Morad\Desktop\MyProject\MyProject\Debug\link.22636-rc.read.1.tlog
C:\Users\Khaled Morad\Desktop\MyProject\MyProject\Debug\link.22636-rc.write.1.tlog
C:\Users\Khaled Morad\Desktop\MyProject\MyProject\Debug\link.22636.read.1.tlog
C:\Users\Khaled Morad\Desktop\MyProject\MyProject\Debug\link.22636.write.1.tlog
C:\Users\Khaled Morad\Desktop\MyProject\MyProject\Debug\link.26388-cvtres.read.1.tlog
C:\Users\Khaled Morad\Desktop\MyProject\MyProject\Debug\link.26388-cvtres.write.1.tlog
C:\Users\Khaled Morad\Desktop\MyProject\MyProject\Debug\link.26388-rc.read.1.tlog
C:\Users\Khaled Morad\Desktop\MyProject\MyProject\Debug\link.26388-rc.write.1.tlog
C:\Users\Khaled Morad\Desktop\MyProject\MyProject\Debug\link.26388.read.1.tlog
C:\Users\Khaled Morad\Desktop\MyProject\MyProject\Debug\link.26388.write.1.tlog
C:\Users\Khaled Morad\Desktop\MyProject\MyProject\Debug\link.27384-cvtres.read.1.tlog
C:\Users\Khaled Morad\Desktop\MyProject\MyProject\Debug\link.27384-cvtres.write.1.tlog
C:\Users\Khaled Morad\Desktop\MyProject\MyProject\Debug\link.27384-rc.read.1.tlog
C:\Users\Khaled Morad\Desktop\MyProject\MyProject\Debug\link.27384-rc.write.1.tlog
C:\Users\Khaled Morad\Desktop\MyProject\MyProject\Debug\link.27384.read.1.tlog
C:\Users\Khaled Morad\Desktop\MyProject\MyProject\Debug\link.27384.write.1.tlog
C:\Users\Khaled Morad\Desktop\MyProject\MyProject\Debug\link.5072-cvtres.read.1.tlog
C:\Users\Khaled Morad\Desktop\MyProject\MyProject\Debug\link.5072-cvtres.write.1.tlog
C:\Users\Khaled Morad\Desktop\MyProject\MyProject\Debug\link.5072-rc.read.1.tlog
C:\Users\Khaled Morad\Desktop\MyProject\MyProject\Debug\link.5072-rc.write.1.tlog
C:\Users\Khaled Morad\Desktop\MyProject\MyProject\Debug\link.5072.read.1.tlog
C:\Users\Khaled Morad\Desktop\MyProject\MyProject\Debug\link.5072.write.1.tlog
C:\Users\Khaled Morad\Desktop\MyProject\MyProject\Debug\link.7144-cvtres.read.1.tlog
C:\Users\Khaled Morad\Desktop\MyProject\MyProject\Debug\link.7144-cvtres.write.1.tlog
C:\Users\Khaled Morad\Desktop\MyProject\MyProject\Debug\link.7144-rc.read.1.tlog
C:\Users\Khaled Morad\Desktop\MyProject\MyProject\Debug\link.7144-rc.write.1.tlog
C:\Users\Khaled Morad\Desktop\MyProject\MyProject\Debug\link.7144.read.1.tlog
C:\Users\Khaled Morad\Desktop\MyProject\MyProject\Debug\link.7144.write.1.tlog
C:\Users\Khaled Morad\Desktop\MyProject\MyProject\Debug\link.7208-cvtres.read.1.tlog
C:\Users\Khaled Morad\Desktop\MyProject\MyProject\Debug\link.7208-cvtres.write.1.tlog
C:\Users\Khaled Morad\Desktop\MyProject\MyProject\Debug\link.7208-rc.read.1.tlog
C:\Users\Khaled Morad\Desktop\MyProject\MyProject\Debug\link.7208-rc.write.1.tlog
C:\Users\Khaled Morad\Desktop\MyProject\MyProject\Debug\link.7208.read.1.tlog
C:\Users\Khaled Morad\Desktop\MyProject\MyProject\Debug\link.7208.write.1.tlog
C:\Users\Khaled Morad\Desktop\MyProject\MyProject\Debug\link.command.1.tlog
C:\Users\Khaled Morad\Desktop\MyProject\MyProject\Debug\link.read.1.tlog
C:\Users\Khaled Morad\Desktop\MyProject\MyProject\Debug\link.write.1.tlog
C:\Users\Khaled Morad\Desktop\MyProject\MyProject\Debug\vc110.idb
C:\Users\Khaled Morad\Desktop\MyProject\MyProject\Debug\vc110.pdb
C:\Users\Khaled Morad\Desktop\MyProject\Debug\MyProject.pdb
C:\Users\Khaled Morad\Desktop\MyProject\Debug\MyProject.exe
C:\Users\Khaled Morad\Desktop\MyProject\Debug\MyProject.ilk
