C:\USERS\ROG\DOCUMENTS\VISUAL STUDIO 2012\PROJECTS\PROJECT2\PROJECT2\DEBUG\3DTEXTURE.OBJ
C:\USERS\ROG\DOCUMENTS\VISUAL STUDIO 2012\PROJECTS\PROJECT2\PROJECT2\DEBUG\CAMERA.OBJ
C:\USERS\ROG\DOCUMENTS\VISUAL STUDIO 2012\PROJECTS\PROJECT2\PROJECT2\DEBUG\HEIGHTMAP.OBJ
C:\USERS\ROG\DOCUMENTS\VISUAL STUDIO 2012\PROJECTS\PROJECT2\PROJECT2\DEBUG\MODEL_3DS.OBJ
C:\USERS\ROG\DOCUMENTS\VISUAL STUDIO 2012\PROJECTS\PROJECT2\PROJECT2\DEBUG\TEXTURE.OBJ
C:\USERS\ROG\DOCUMENTS\VISUAL STUDIO 2012\PROJECTS\PROJECT2\PROJECT2\DEBUG\VC110.PDB
C:\USERS\ROG\DOCUMENTS\VISUAL STUDIO 2012\PROJECTS\PROJECT2\PROJECT2\DEBUG\MODEL.OBJ
C:\USERS\ROG\DOCUMENTS\VISUAL STUDIO 2012\PROJECTS\PROJECT2\DEBUG\PROJECT2.ILK
C:\USERS\ROG\DOCUMENTS\VISUAL STUDIO 2012\PROJECTS\PROJECT2\DEBUG\PROJECT2.EXE
C:\USERS\ROG\DOCUMENTS\VISUAL STUDIO 2012\PROJECTS\PROJECT2\DEBUG\PROJECT2.PDB
C:\Users\ROG\Documents\Visual Studio 2012\Projects\Project2\Project2\Debug\3DTexture.obj
C:\Users\ROG\Documents\Visual Studio 2012\Projects\Project2\Project2\Debug\camera.obj
C:\Users\ROG\Documents\Visual Studio 2012\Projects\Project2\Project2\Debug\heightMap.obj
C:\Users\ROG\Documents\Visual Studio 2012\Projects\Project2\Project2\Debug\model.obj
C:\Users\ROG\Documents\Visual Studio 2012\Projects\Project2\Project2\Debug\Model_3DS.obj
C:\Users\ROG\Documents\Visual Studio 2012\Projects\Project2\Project2\Debug\texture.obj
C:\Users\ROG\Documents\Visual Studio 2012\Projects\Project2\Project2\Debug\cl.command.1.tlog
C:\Users\ROG\Documents\Visual Studio 2012\Projects\Project2\Project2\Debug\CL.read.1.tlog
C:\Users\ROG\Documents\Visual Studio 2012\Projects\Project2\Project2\Debug\CL.write.1.tlog
C:\Users\ROG\Documents\Visual Studio 2012\Projects\Project2\Project2\Debug\link-cvtres.read.1.tlog
C:\Users\ROG\Documents\Visual Studio 2012\Projects\Project2\Project2\Debug\link-cvtres.write.1.tlog
C:\Users\ROG\Documents\Visual Studio 2012\Projects\Project2\Project2\Debug\link-rc.read.1.tlog
C:\Users\ROG\Documents\Visual Studio 2012\Projects\Project2\Project2\Debug\link-rc.write.1.tlog
C:\Users\ROG\Documents\Visual Studio 2012\Projects\Project2\Project2\Debug\link.12016-cvtres.read.1.tlog
C:\Users\ROG\Documents\Visual Studio 2012\Projects\Project2\Project2\Debug\link.12016-cvtres.write.1.tlog
C:\Users\ROG\Documents\Visual Studio 2012\Projects\Project2\Project2\Debug\link.12016-rc.read.1.tlog
C:\Users\ROG\Documents\Visual Studio 2012\Projects\Project2\Project2\Debug\link.12016-rc.write.1.tlog
C:\Users\ROG\Documents\Visual Studio 2012\Projects\Project2\Project2\Debug\link.12016.read.1.tlog
C:\Users\ROG\Documents\Visual Studio 2012\Projects\Project2\Project2\Debug\link.12016.write.1.tlog
C:\Users\ROG\Documents\Visual Studio 2012\Projects\Project2\Project2\Debug\link.command.1.tlog
C:\Users\ROG\Documents\Visual Studio 2012\Projects\Project2\Project2\Debug\link.read.1.tlog
C:\Users\ROG\Documents\Visual Studio 2012\Projects\Project2\Project2\Debug\link.write.1.tlog
C:\Users\ROG\Documents\Visual Studio 2012\Projects\Project2\Project2\Debug\vc110.idb
C:\Users\ROG\Documents\Visual Studio 2012\Projects\Project2\Project2\Debug\vc110.pdb
C:\Users\ROG\Documents\Visual Studio 2012\Projects\Project2\Debug\Project2.pdb
C:\Users\ROG\Documents\Visual Studio 2012\Projects\Project2\Debug\Project2.exe
C:\Users\ROG\Documents\Visual Studio 2012\Projects\Project2\Debug\Project2.ilk
